1734522422.500893 [0] apriltag_n: config: Domain/General/MulticastRecvNetworkInterfaceAddresses/#text: preferred {}
1734522422.500907 [0] apriltag_n: config: Domain/General/Interfaces/NetworkInterface[@autodetermine]: false {}
1734522422.500910 [0] apriltag_n: config: Domain/General/Interfaces/NetworkInterface[@name]: docker0 {1}
1734522422.500913 [0] apriltag_n: config: Domain/General/Interfaces/NetworkInterface[@address]:  {}
1734522422.500915 [0] apriltag_n: config: Domain/General/Interfaces/NetworkInterface[@priority]: default {1}
1734522422.500917 [0] apriltag_n: config: Domain/General/Interfaces/NetworkInterface[@prefer_multicast]: false {}
1734522422.500919 [0] apriltag_n: config: Domain/General/Interfaces/NetworkInterface[@presence_required]: true {}
1734522422.500921 [0] apriltag_n: config: Domain/General/Interfaces/NetworkInterface[@multicast]: default {1}
1734522422.500923 [0] apriltag_n: config: Domain/General/ExternalNetworkAddress/#text: auto {}
1734522422.500925 [0] apriltag_n: config: Domain/General/ExternalNetworkMask/#text: 0.0.0.0 {}
1734522422.500927 [0] apriltag_n: config: Domain/General/AllowMulticast/#text: default {1}
1734522422.500929 [0] apriltag_n: config: Domain/General/MulticastTimeToLive/#text: 32 {}
1734522422.500931 [0] apriltag_n: config: Domain/General/DontRoute/#text: false {}
1734522422.500933 [0] apriltag_n: config: Domain/General/Transport/#text: udp {}
1734522422.500935 [0] apriltag_n: config: Domain/General/EnableMulticastLoopback/#text: true {}
1734522422.500937 [0] apriltag_n: config: Domain/General/MaxMessageSize/#text: 65500 B {1}
1734522422.500939 [0] apriltag_n: config: Domain/General/MaxRexmitMessageSize/#text: 1456 B {}
1734522422.500941 [0] apriltag_n: config: Domain/General/FragmentSize/#text: 1344 B {}
1734522422.500943 [0] apriltag_n: config: Domain/General/RedundantNetworking/#text: false {}
1734522422.500945 [0] apriltag_n: config: Domain/General/EntityAutoNaming/#text: empty {}
1734522422.500948 [0] apriltag_n: config: Domain/General/EntityAutoNaming[@seed]: 141959985 322486605 1236778390 1618379665 624113100 1564173395 3396222450 3993815003 {}
1734522422.500951 [0] apriltag_n: config: Domain/Sizing/ReceiveBufferSize/#text: 1 MiB {}
1734522422.500953 [0] apriltag_n: config: Domain/Sizing/ReceiveBufferChunkSize/#text: 128 KiB {}
1734522422.500955 [0] apriltag_n: config: Domain/Compatibility/StandardsConformance/#text: lax {}
1734522422.500957 [0] apriltag_n: config: Domain/Compatibility/ExplicitlyPublishQosSetToDefault/#text: false {}
1734522422.500960 [0] apriltag_n: config: Domain/Compatibility/ManySocketsMode/#text: single {}
1734522422.500961 [0] apriltag_n: config: Domain/Compatibility/AssumeRtiHasPmdEndpoints/#text: false {}
1734522422.500964 [0] apriltag_n: config: Domain/Discovery/Tag/#text:  {}
1734522422.500965 [0] apriltag_n: config: Domain/Discovery/ExternalDomainId/#text: 0 {}
1734522422.500967 [0] apriltag_n: config: Domain/Discovery/DSGracePeriod/#text: 30 s {}
1734522422.500970 [0] apriltag_n: config: Domain/Discovery/ParticipantIndex/#text: none {}
1734522422.500971 [0] apriltag_n: config: Domain/Discovery/MaxAutoParticipantIndex/#text: 9 {}
1734522422.500973 [0] apriltag_n: config: Domain/Discovery/SPDPMulticastAddress/#text: 239.255.0.1 {}
1734522422.500975 [0] apriltag_n: config: Domain/Discovery/SPDPInterval/#text: 30 s {}
1734522422.500977 [0] apriltag_n: config: Domain/Discovery/DefaultMulticastAddress/#text: auto {}
1734522422.500979 [0] apriltag_n: config: Domain/Discovery/Ports/Base/#text: 7400 {}
1734522422.500982 [0] apriltag_n: config: Domain/Discovery/Ports/DomainGain/#text: 250 {}
1734522422.500984 [0] apriltag_n: config: Domain/Discovery/Ports/ParticipantGain/#text: 2 {}
1734522422.500986 [0] apriltag_n: config: Domain/Discovery/Ports/MulticastMetaOffset/#text: 0 {}
1734522422.500988 [0] apriltag_n: config: Domain/Discovery/Ports/UnicastMetaOffset/#text: 10 {}
1734522422.500990 [0] apriltag_n: config: Domain/Discovery/Ports/MulticastDataOffset/#text: 1 {}
1734522422.500992 [0] apriltag_n: config: Domain/Discovery/Ports/UnicastDataOffset/#text: 11 {}
1734522422.500997 [0] apriltag_n: config: Domain/Discovery/EnableTopicDiscoveryEndpoints/#text: false {}
1734522422.500999 [0] apriltag_n: config: Domain/Discovery/LeaseDuration/#text: 10 s {}
1734522422.501005 [0] apriltag_n: config: Domain/Tracing/Category/#text: fatal,error,warning,info,config {1}
1734522422.501007 [0] apriltag_n: config: Domain/Tracing/OutputFile/#text: cyclonedds.log {}
1734522422.501009 [0] apriltag_n: config: Domain/Tracing/AppendToFile/#text: false {}
1734522422.501011 [0] apriltag_n: config: Domain/Tracing/PacketCaptureFile/#text:  {}
1734522422.501013 [0] apriltag_n: config: Domain/Internal/DeliveryQueueMaxSamples/#text: 256 {}
1734522422.501015 [0] apriltag_n: config: Domain/Internal/PrimaryReorderMaxSamples/#text: 128 {}
1734522422.501017 [0] apriltag_n: config: Domain/Internal/SecondaryReorderMaxSamples/#text: 128 {}
1734522422.501019 [0] apriltag_n: config: Domain/Internal/DefragUnreliableMaxSamples/#text: 4 {}
1734522422.501021 [0] apriltag_n: config: Domain/Internal/DefragReliableMaxSamples/#text: 16 {}
1734522422.501022 [0] apriltag_n: config: Domain/Internal/BuiltinEndpointSet/#text: writers {}
1734522422.501024 [0] apriltag_n: config: Domain/Internal/MeasureHbToAckLatency/#text: false {}
1734522422.501026 [0] apriltag_n: config: Domain/Internal/UnicastResponseToSPDPMessages/#text: true {}
1734522422.501028 [0] apriltag_n: config: Domain/Internal/SynchronousDeliveryPriorityThreshold/#text: 0 {}
1734522422.501030 [0] apriltag_n: config: Domain/Internal/SynchronousDeliveryLatencyBound/#text: inf {}
1734522422.501032 [0] apriltag_n: config: Domain/Internal/MaxParticipants/#text: 0 {}
1734522422.501034 [0] apriltag_n: config: Domain/Internal/AccelerateRexmitBlockSize/#text: 0 {}
1734522422.501036 [0] apriltag_n: config: Domain/Internal/RetransmitMerging/#text: never {}
1734522422.501038 [0] apriltag_n: config: Domain/Internal/RetransmitMergingPeriod/#text: 5 ms {}
1734522422.501040 [0] apriltag_n: config: Domain/Internal/HeartbeatInterval/#text: 100 ms {}
1734522422.501042 [0] apriltag_n: config: Domain/Internal/HeartbeatInterval[@min]: 5 ms {}
1734522422.501044 [0] apriltag_n: config: Domain/Internal/HeartbeatInterval[@minsched]: 20 ms {}
1734522422.501046 [0] apriltag_n: config: Domain/Internal/HeartbeatInterval[@max]: 8 s {}
1734522422.501048 [0] apriltag_n: config: Domain/Internal/MaxQueuedRexmitBytes/#text: 512 KiB {}
1734522422.501050 [0] apriltag_n: config: Domain/Internal/MaxQueuedRexmitMessages/#text: 200 {}
1734522422.501052 [0] apriltag_n: config: Domain/Internal/WriterLingerDuration/#text: 1 s {}
1734522422.501054 [0] apriltag_n: config: Domain/Internal/SocketReceiveBufferSize[@min]: 16 MiB {1}
1734522422.501056 [0] apriltag_n: config: Domain/Internal/SocketReceiveBufferSize[@max]: default {}
1734522422.501058 [0] apriltag_n: config: Domain/Internal/SocketSendBufferSize[@min]: 64 KiB {}
1734522422.501060 [0] apriltag_n: config: Domain/Internal/SocketSendBufferSize[@max]: default {}
1734522422.501062 [0] apriltag_n: config: Domain/Internal/NackDelay/#text: 100 ms {}
1734522422.501064 [0] apriltag_n: config: Domain/Internal/AckDelay/#text: 10 ms {}
1734522422.501066 [0] apriltag_n: config: Domain/Internal/AutoReschedNackDelay/#text: 3 s {}
1734522422.501068 [0] apriltag_n: config: Domain/Internal/PreEmptiveAckDelay/#text: 10 ms {}
1734522422.501070 [0] apriltag_n: config: Domain/Internal/ScheduleTimeRounding/#text: 0 s {}
1734522422.501073 [0] apriltag_n: config: Domain/Internal/DDSI2DirectMaxThreads/#text: 1 {}
1734522422.501076 [0] apriltag_n: config: Domain/Internal/SquashParticipants/#text: false {}
1734522422.501078 [0] apriltag_n: config: Domain/Internal/SPDPResponseMaxDelay/#text: 0 s {}
1734522422.501081 [0] apriltag_n: config: Domain/Internal/LateAckMode/#text: false {}
1734522422.501083 [0] apriltag_n: config: Domain/Internal/RetryOnRejectBestEffort/#text: false {}
1734522422.501085 [0] apriltag_n: config: Domain/Internal/GenerateKeyhash/#text: false {}
1734522422.501087 [0] apriltag_n: config: Domain/Internal/MaxSampleSize/#text: 2147483647 B {}
1734522422.501089 [0] apriltag_n: config: Domain/Internal/LivelinessMonitoring/#text: false {}
1734522422.501093 [0] apriltag_n: config: Domain/Internal/LivelinessMonitoring[@StackTraces]: true {}
1734522422.501095 [0] apriltag_n: config: Domain/Internal/LivelinessMonitoring[@Interval]: 1 s {}
1734522422.501097 [0] apriltag_n: config: Domain/Internal/MonitorPort/#text: -1 {}
1734522422.501098 [0] apriltag_n: config: Domain/Internal/PrioritizeRetransmit/#text: true {}
1734522422.501100 [0] apriltag_n: config: Domain/Internal/UseMulticastIfMreqn/#text: 0 {}
1734522422.501102 [0] apriltag_n: config: Domain/Internal/RediscoveryBlacklistDuration/#text: 0 s {}
1734522422.501104 [0] apriltag_n: config: Domain/Internal/RediscoveryBlacklistDuration[@enforce]: false {}
1734522422.501106 [0] apriltag_n: config: Domain/Internal/MultipleReceiveThreads/#text: default {}
1734522422.501108 [0] apriltag_n: config: Domain/Internal/MultipleReceiveThreads[@maxretries]: 4294967295 {}
1734522422.501111 [0] apriltag_n: config: Domain/Internal/Test/XmitLossiness/#text: 0 {}
1734522422.501113 [0] apriltag_n: config: Domain/Internal/Watermarks/WhcLow/#text: 1 KiB {}
1734522422.501115 [0] apriltag_n: config: Domain/Internal/Watermarks/WhcHigh/#text: 500 KiB {1}
1734522422.501117 [0] apriltag_n: config: Domain/Internal/Watermarks/WhcHighInit/#text: 30 KiB {}
1734522422.501119 [0] apriltag_n: config: Domain/Internal/Watermarks/WhcAdaptive/#text: true {}
1734522422.501122 [0] apriltag_n: config: Domain/Internal/BurstSize/MaxRexmit/#text: 1 MiB {}
1734522422.501124 [0] apriltag_n: config: Domain/Internal/BurstSize/MaxInitTransmit/#text: 4294967295 {}
1734522422.501126 [0] apriltag_n: config: Domain/Internal/EnableExpensiveChecks/#text:  {}
1734522422.501128 [0] apriltag_n: config: Domain/TCP/NoDelay/#text: true {}
1734522422.501138 [0] apriltag_n: config: Domain/TCP/Port/#text: -1 {}
1734522422.501149 [0] apriltag_n: config: Domain/TCP/ReadTimeout/#text: 2 s {}
1734522422.501152 [0] apriltag_n: config: Domain/TCP/WriteTimeout/#text: 2 s {}
1734522422.501154 [0] apriltag_n: config: Domain/TCP/AlwaysUsePeeraddrForUnicast/#text: false {}
1734522422.501156 [0] apriltag_n: config: Domain/SSL/Enable/#text: false {}
1734522422.501158 [0] apriltag_n: config: Domain/SSL/CertificateVerification/#text: true {}
1734522422.501160 [0] apriltag_n: config: Domain/SSL/VerifyClient/#text: true {}
1734522422.501162 [0] apriltag_n: config: Domain/SSL/SelfSignedCertificates/#text: false {}
1734522422.501164 [0] apriltag_n: config: Domain/SSL/KeystoreFile/#text: keystore {}
1734522422.501166 [0] apriltag_n: config: Domain/SSL/KeyPassphrase/#text: secret {}
1734522422.501167 [0] apriltag_n: config: Domain/SSL/Ciphers/#text: ALL:!ADH:!LOW:!EXP:!MD5:@STRENGTH {}
1734522422.501169 [0] apriltag_n: config: Domain/SSL/EntropyFile/#text:  {}
1734522422.501171 [0] apriltag_n: config: Domain/SSL/MinimumTLSVersion/#text: 1.3 {}
1734522422.501174 [0] apriltag_n: config: Domain/SharedMemory/Enable/#text: false {}
1734522422.501176 [0] apriltag_n: config: Domain/SharedMemory/Locator/#text:  {}
1734522422.501178 [0] apriltag_n: config: Domain/SharedMemory/Prefix/#text: DDS_CYCLONE {}
1734522422.501180 [0] apriltag_n: config: Domain/SharedMemory/LogLevel/#text: info {}
1734522422.501182 [0] apriltag_n: config: Domain[@Id]: 0 {1}
1734522422.501221 [0] apriltag_n: started at 1734522422.06501187 -- 2024-12-18 11:47:02+00:00
1734522422.501224 [0] apriltag_n: udp initialized
1734522422.501457 [0] apriltag_n: interfaces: lo udp/127.0.0.1(q1) eno1 udp/192.168.0.11(q9) wlp2s0 wireless udp/192.168.1.108(q9) docker0 udp/172.17.0.1(q9) br-7c9fdd76331e udp/172.18.0.1(q9)
1734522422.501462 [0] apriltag_n: selected interfaces: docker0 (index 4 priority 0)
1734522422.501464 [0] apriltag_n: presumed robust multicast support, use for everything
1734522422.501475 [0] apriltag_n: ownip: udp/172.17.0.1
1734522422.501476 [0] apriltag_n: extmask: invalid/0 (not applicable)
1734522422.501478 [0] apriltag_n: SPDP MC: udp/239.255.0.1
1734522422.501479 [0] apriltag_n: default MC: udp/239.255.0.1
1734522422.501480 [0] apriltag_n: SSM support included
1734522422.501575 [0] apriltag_n: rtps_init: uc ports: disc 0 data 0
1734522422.501577 [0] apriltag_n: rtps_init: domainid 0 participantid -2
1734522422.501579 [0] apriltag_n: Unicast Ports: discovery 60133 data 60133
1734522422.501595 [0] apriltag_n: Multicast Ports: discovery 7400 data 7401 
1734522422.501601 [0] apriltag_n: interface docker0: transmit port 49041
